0 info it worked if it ends with ok
1 verbose cli [ 'node',
1 verbose cli   '/Users/sean.lewis/.meteor/packages/meteor-tool/.1.3.2_4.lbyo5v++os.osx.x86_64+web.browser+web.cordova/mt-os.osx.x86_64/dev_bundle/bin/npm',
1 verbose cli   'install',
1 verbose cli   'fixed-data-table' ]
2 info using npm@2.14.22
3 info using node@v0.10.43
4 verbose install initial load of /Users/sean.lewis/code/js/equity/package.json
5 verbose installManyTop reading scoped package data from /Users/sean.lewis/code/js/equity/node_modules/meteor-node-stubs/package.json
6 verbose installManyTop reading scoped package data from /Users/sean.lewis/code/js/equity/node_modules/react/package.json
7 verbose installManyTop reading scoped package data from /Users/sean.lewis/code/js/equity/node_modules/react-addons-pure-render-mixin/package.json
8 verbose installManyTop reading scoped package data from /Users/sean.lewis/code/js/equity/node_modules/react-dom/package.json
9 verbose readDependencies loading dependencies from /Users/sean.lewis/code/js/equity/package.json
10 silly cache add args [ 'fixed-data-table', null ]
11 verbose cache add spec fixed-data-table
12 silly cache add parsed spec { raw: 'fixed-data-table',
12 silly cache add   scope: null,
12 silly cache add   name: 'fixed-data-table',
12 silly cache add   rawSpec: '',
12 silly cache add   spec: 'latest',
12 silly cache add   type: 'tag' }
13 silly addNamed fixed-data-table@latest
14 verbose addNamed "latest" is being treated as a dist-tag for fixed-data-table
15 info addNameTag [ 'fixed-data-table', 'latest' ]
16 silly mapToRegistry name fixed-data-table
17 silly mapToRegistry using default registry
18 silly mapToRegistry registry https://registry.npmjs.org/
19 silly mapToRegistry uri https://registry.npmjs.org/fixed-data-table
20 verbose addNameTag registry:https://registry.npmjs.org/fixed-data-table not in flight; fetching
21 verbose request uri https://registry.npmjs.org/fixed-data-table
22 verbose request no auth needed
23 info attempt registry request try #1 at 17:13:44
24 verbose request id f11ef7004ece469e
25 http request GET https://registry.npmjs.org/fixed-data-table
26 http 200 https://registry.npmjs.org/fixed-data-table
27 verbose headers { server: 'CouchDB/1.5.0 (Erlang OTP/R16B03)',
27 verbose headers   etag: '"DILZXOWHM0JKTMVS4XY0KIBHF"',
27 verbose headers   'content-type': 'application/json',
27 verbose headers   'content-encoding': 'gzip',
27 verbose headers   'cache-control': 'max-age=300',
27 verbose headers   'content-length': '5571',
27 verbose headers   'accept-ranges': 'bytes',
27 verbose headers   date: 'Mon, 13 Jun 2016 23:13:45 GMT',
27 verbose headers   via: '1.1 varnish',
27 verbose headers   age: '0',
27 verbose headers   connection: 'keep-alive',
27 verbose headers   'x-served-by': 'cache-ord1737-ORD',
27 verbose headers   'x-cache': 'HIT',
27 verbose headers   'x-cache-hits': '1',
27 verbose headers   'x-timer': 'S1465859625.362577,VS0,VE34',
27 verbose headers   vary: 'Accept-Encoding' }
28 silly get cb [ 200,
28 silly get   { server: 'CouchDB/1.5.0 (Erlang OTP/R16B03)',
28 silly get     etag: '"DILZXOWHM0JKTMVS4XY0KIBHF"',
28 silly get     'content-type': 'application/json',
28 silly get     'content-encoding': 'gzip',
28 silly get     'cache-control': 'max-age=300',
28 silly get     'content-length': '5571',
28 silly get     'accept-ranges': 'bytes',
28 silly get     date: 'Mon, 13 Jun 2016 23:13:45 GMT',
28 silly get     via: '1.1 varnish',
28 silly get     age: '0',
28 silly get     connection: 'keep-alive',
28 silly get     'x-served-by': 'cache-ord1737-ORD',
28 silly get     'x-cache': 'HIT',
28 silly get     'x-cache-hits': '1',
28 silly get     'x-timer': 'S1465859625.362577,VS0,VE34',
28 silly get     vary: 'Accept-Encoding' } ]
29 verbose get saving fixed-data-table to /Users/sean.lewis/.npm/registry.npmjs.org/fixed-data-table/.cache.json
30 verbose correctMkdir /Users/sean.lewis/.npm correctMkdir not in flight; initializing
31 silly addNameTag next cb for fixed-data-table with tag latest
32 silly addNamed fixed-data-table@0.6.0
33 verbose addNamed "0.6.0" is a plain semver version for fixed-data-table
34 silly mapToRegistry name fixed-data-table
35 silly mapToRegistry using default registry
36 silly mapToRegistry registry https://registry.npmjs.org/
37 silly mapToRegistry uri https://registry.npmjs.org/fixed-data-table
38 verbose addRemoteTarball https://registry.npmjs.org/fixed-data-table/-/fixed-data-table-0.6.0.tgz not in flight; adding
39 verbose addRemoteTarball [ 'https://registry.npmjs.org/fixed-data-table/-/fixed-data-table-0.6.0.tgz',
39 verbose addRemoteTarball   '74f738a2341f9ca35478853a07bc1665282e4cf1' ]
40 info retry fetch attempt 1 at 17:13:45
41 info attempt registry request try #1 at 17:13:45
42 http fetch GET https://registry.npmjs.org/fixed-data-table/-/fixed-data-table-0.6.0.tgz
43 http fetch 200 https://registry.npmjs.org/fixed-data-table/-/fixed-data-table-0.6.0.tgz
44 silly fetchAndShaCheck shasum 74f738a2341f9ca35478853a07bc1665282e4cf1
45 verbose addTmpTarball /var/folders/6l/0fmcf_6n0j10s9k6dh1j9n6htc1tjj/T/npm-10250-d91ff29e/registry.npmjs.org/fixed-data-table/-/fixed-data-table-0.6.0.tgz not in flight; adding
46 verbose addTmpTarball already have metadata; skipping unpack for fixed-data-table@0.6.0
47 verbose correctMkdir /Users/sean.lewis/.npm correctMkdir not in flight; initializing
48 silly cache afterAdd fixed-data-table@0.6.0
49 verbose afterAdd /Users/sean.lewis/.npm/fixed-data-table/0.6.0/package/package.json not in flight; writing
50 verbose correctMkdir /Users/sean.lewis/.npm correctMkdir not in flight; initializing
51 verbose afterAdd /Users/sean.lewis/.npm/fixed-data-table/0.6.0/package/package.json written
52 silly install resolved [ { name: 'fixed-data-table',
52 silly install resolved     version: '0.6.0',
52 silly install resolved     description: 'A React table component designed to allow presenting thousands of rows of data.',
52 silly install resolved     main: 'main.js',
52 silly install resolved     peerDependencies:
52 silly install resolved      { react: '>=0.13.0 <0.15.0 || ^0.14.0-beta3',
52 silly install resolved        'react-dom': '>=0.14.0 <0.15.0 || ^0.14.0-beta3' },
52 silly install resolved     devDependencies:
52 silly install resolved      { autoprefixer: '^5.0.0',
52 silly install resolved        'babel-core': '^5.4.7',
52 silly install resolved        'babel-loader': '^5.0.0',
52 silly install resolved        'bundle-loader': '^0.5.2',
52 silly install resolved        'css-loader': '^0.9.1',
52 silly install resolved        'extract-text-webpack-plugin': '^0.3.8',
52 silly install resolved        faker: '^2.1.2',
52 silly install resolved        'file-loader': '^0.8.1',
52 silly install resolved        glob: '^4.3.5',
52 silly install resolved        'html-loader': '^0.2.3',
52 silly install resolved        less: '^2.2.0',
52 silly install resolved        'less-loader': '^2.0.0',
52 silly install resolved        marked: '^0.3.2',
52 silly install resolved        'null-loader': '^0.1.0',
52 silly install resolved        postcss: '^4.0.2',
52 silly install resolved        'postcss-custom-properties': '3.0.1',
52 silly install resolved        react: '^0.14.0',
52 silly install resolved        'react-docgen': '^1.2.0',
52 silly install resolved        'react-tools': '^0.12.2',
52 silly install resolved        'style-loader': '^0.8.3',
52 silly install resolved        'url-loader': '^0.5.5',
52 silly install resolved        webpack: '^1.8.3',
52 silly install resolved        'webpack-dev-server': '^1.8.0' },
52 silly install resolved     scripts:
52 silly install resolved      { 'site-dev-server': './build_helpers/startSiteDevServer.sh',
52 silly install resolved        'site-build': './build_helpers/buildStaticSite.sh',
52 silly install resolved        'build-dist': './build_helpers/buildDist.sh',
52 silly install resolved        'build-npm': './build_helpers/buildNPMInternals.sh',
52 silly install resolved        'build-docs': './build_helpers/buildAPIDocs.sh',
52 silly install resolved        'publish-site': './build_helpers/publishStaticSite.sh',
52 silly install resolved        'publish-package': './build_helpers/publishPackage.sh',
52 silly install resolved        test: 'echo "Error: no test specified" && exit 1' },
52 silly install resolved     repository:
52 silly install resolved      { type: 'git',
52 silly install resolved        url: 'https://github.com/facebook/fixed-data-table.git' },
52 silly install resolved     license: 'BSD-3-Clause',
52 silly install resolved     bugs: { url: 'https://github.com/facebook/fixed-data-table/issues' },
52 silly install resolved     homepage: 'http://facebook.github.io/fixed-data-table',
52 silly install resolved     tags: [ 'react', 'table' ],
52 silly install resolved     keywords:
52 silly install resolved      [ 'react',
52 silly install resolved        'react-component',
52 silly install resolved        'table',
52 silly install resolved        'data-table',
52 silly install resolved        'fixed-table' ],
52 silly install resolved     gitHead: 'e778e68e769e066c31f4cb2b83439e150a616189',
52 silly install resolved     _id: 'fixed-data-table@0.6.0',
52 silly install resolved     _shasum: '74f738a2341f9ca35478853a07bc1665282e4cf1',
52 silly install resolved     _from: 'fixed-data-table@latest',
52 silly install resolved     _npmVersion: '2.3.0',
52 silly install resolved     _nodeVersion: '0.10.36',
52 silly install resolved     _npmUser: { name: 'wlis', email: 'wojo.lis@gmail.com' },
52 silly install resolved     dist:
52 silly install resolved      { shasum: '74f738a2341f9ca35478853a07bc1665282e4cf1',
52 silly install resolved        tarball: 'https://registry.npmjs.org/fixed-data-table/-/fixed-data-table-0.6.0.tgz' },
52 silly install resolved     maintainers: [ [Object], [Object], [Object] ],
52 silly install resolved     directories: {},
52 silly install resolved     _resolved: 'https://registry.npmjs.org/fixed-data-table/-/fixed-data-table-0.6.0.tgz' } ]
53 info install fixed-data-table@0.6.0 into /Users/sean.lewis/code/js/equity
54 info installOne fixed-data-table@0.6.0
55 verbose installOne of fixed-data-table to /Users/sean.lewis/code/js/equity not in flight; installing
56 verbose correctMkdir /Users/sean.lewis/.npm/_locks correctMkdir not in flight; initializing
57 verbose lock using /Users/sean.lewis/.npm/_locks/fixed-data-table-355d8a2ac60fe757.lock for /Users/sean.lewis/code/js/equity/node_modules/fixed-data-table
58 silly install write writing fixed-data-table 0.6.0 to /Users/sean.lewis/code/js/equity/node_modules/fixed-data-table
59 verbose unbuild node_modules/fixed-data-table
60 silly gentlyRm /Users/sean.lewis/code/js/equity/node_modules/fixed-data-table is being purged from base /Users/sean.lewis/code/js/equity
61 verbose gentlyRm don't care about contents; nuking /Users/sean.lewis/code/js/equity/node_modules/fixed-data-table
62 verbose tar unpack /Users/sean.lewis/.npm/fixed-data-table/0.6.0/package.tgz
63 verbose tar unpacking to /Users/sean.lewis/code/js/equity/node_modules/fixed-data-table
64 silly gentlyRm /Users/sean.lewis/code/js/equity/node_modules/fixed-data-table is being purged
65 verbose gentlyRm don't care about contents; nuking /Users/sean.lewis/code/js/equity/node_modules/fixed-data-table
66 silly gunzTarPerm modes [ '755', '644' ]
67 silly gunzTarPerm extractEntry package.json
68 silly gunzTarPerm extractEntry .npmignore
69 silly gunzTarPerm extractEntry README.md
70 silly gunzTarPerm extractEntry LICENSE
71 silly gunzTarPerm extractEntry main.js
72 silly gunzTarPerm extractEntry PATENTS
73 silly gunzTarPerm extractEntry dist/fixed-data-table.js
74 silly gunzTarPerm extractEntry dist/fixed-data-table.min.js
75 silly gunzTarPerm extractEntry dist/fixed-data-table-base.css
76 silly gunzTarPerm extractEntry dist/fixed-data-table-base.min.css
77 silly gunzTarPerm extractEntry dist/fixed-data-table-style.css
78 silly gunzTarPerm extractEntry dist/fixed-data-table-style.min.css
79 silly gunzTarPerm extractEntry dist/fixed-data-table.css
80 silly gunzTarPerm extractEntry dist/fixed-data-table.min.css
81 silly gunzTarPerm extractEntry docs/README.md
82 silly gunzTarPerm extractEntry docs/api/CellAPI.md
83 silly gunzTarPerm extractEntry docs/api/ColumnAPI.md
84 silly gunzTarPerm extractEntry docs/api/ColumnGroupAPI.md
85 silly gunzTarPerm extractEntry docs/api/TableAPI.md
86 silly gunzTarPerm extractEntry docs/api-v0.5/ColumnAPI.md
87 silly gunzTarPerm extractEntry docs/api-v0.5/ColumnGroupAPI.md
88 silly gunzTarPerm extractEntry docs/api-v0.5/TableAPI.md
89 silly gunzTarPerm extractEntry docs/v6-migration.md
90 silly gunzTarPerm extractEntry examples/ColumnGroupsExample.js
91 silly gunzTarPerm extractEntry examples/FilterExample.js
92 silly gunzTarPerm extractEntry examples/FlexGrowExample.js
93 silly gunzTarPerm extractEntry examples/ObjectDataExample.js
94 silly gunzTarPerm extractEntry examples/ResizeExample.js
95 silly gunzTarPerm extractEntry examples/SortExample.js
96 silly gunzTarPerm extractEntry examples/helpers/ExampleImage.js
97 silly gunzTarPerm extractEntry examples/helpers/FakeObjectDataListStore.js
98 silly gunzTarPerm extractEntry examples/old/ColumnGroupsExample.js
99 silly gunzTarPerm extractEntry examples/old/FilterExample.js
100 silly gunzTarPerm extractEntry examples/old/FlexGrowExample.js
101 silly gunzTarPerm extractEntry examples/old/ObjectDataExample.js
102 silly gunzTarPerm extractEntry examples/old/ResizeExample.js
103 silly gunzTarPerm extractEntry examples/old/SortExample.js
104 silly gunzTarPerm extractEntry internal/BrowserSupportCore.js
105 silly gunzTarPerm extractEntry internal/IntegerBufferSet.js
106 silly gunzTarPerm extractEntry internal/Keys.js
107 silly gunzTarPerm extractEntry internal/Locale.js
108 silly gunzTarPerm extractEntry internal/ImmutableValue.js
109 silly gunzTarPerm extractEntry internal/PrefixIntervalTree.js
110 silly gunzTarPerm extractEntry internal/React.js
111 silly gunzTarPerm extractEntry internal/ReactComponentWithPureRenderMixin.js
112 silly gunzTarPerm extractEntry internal/ReactDOM.js
113 silly gunzTarPerm extractEntry internal/ReactWheelHandler.js
114 silly gunzTarPerm extractEntry internal/ImmutableObject.js
115 silly gunzTarPerm extractEntry internal/Scrollbar.react.js
116 silly gunzTarPerm extractEntry internal/Heap.js
117 silly gunzTarPerm extractEntry internal/UserAgent_DEPRECATED.js
118 silly gunzTarPerm extractEntry internal/FixedDataTableWidthHelper.js
119 silly gunzTarPerm extractEntry internal/camelize.js
120 silly gunzTarPerm extractEntry internal/FixedDataTableScrollHelper.js
121 silly gunzTarPerm extractEntry internal/cancelAnimationFramePolyfill.js
122 silly gunzTarPerm extractEntry internal/FixedDataTableRowBuffer.js
123 silly gunzTarPerm extractEntry internal/clamp.js
124 silly gunzTarPerm extractEntry internal/FixedDataTableRow.react.js
125 silly gunzTarPerm extractEntry internal/cloneWithProps.js
126 silly gunzTarPerm extractEntry internal/FixedDataTableRoot.js
127 silly gunzTarPerm extractEntry internal/cssVar.js
128 silly gunzTarPerm extractEntry internal/FixedDataTableNew.react.js
129 silly gunzTarPerm extractEntry internal/cx.js
130 silly gunzTarPerm extractEntry internal/FixedDataTableHelper.js
131 silly gunzTarPerm extractEntry internal/debounceCore.js
132 silly gunzTarPerm extractEntry internal/FixedDataTableColumnResizeHandle.react.js
133 silly gunzTarPerm extractEntry internal/emptyFunction.js
134 silly gunzTarPerm extractEntry internal/FixedDataTableColumnNew.react.js
135 silly gunzTarPerm extractEntry internal/getVendorPrefixedName.js
136 silly gunzTarPerm extractEntry internal/FixedDataTableColumnGroupNew.react.js
137 silly gunzTarPerm extractEntry internal/invariant.js
138 silly gunzTarPerm extractEntry internal/FixedDataTableColumnGroup.react.js
139 silly gunzTarPerm extractEntry internal/isEventSupported.js
140 silly gunzTarPerm extractEntry internal/FixedDataTableColumn.react.js
141 silly gunzTarPerm extractEntry internal/isNode.js
142 silly gunzTarPerm extractEntry internal/FixedDataTableCellTransition.react.js
143 silly gunzTarPerm extractEntry internal/joinClasses.js
144 silly gunzTarPerm extractEntry internal/FixedDataTableCellGroup.react.js
145 silly gunzTarPerm extractEntry internal/keyMirror.js
146 silly gunzTarPerm extractEntry internal/FixedDataTableCellDefault.react.js
147 silly gunzTarPerm extractEntry internal/keyOf.js
148 silly gunzTarPerm extractEntry internal/FixedDataTableCell.react.js
149 silly gunzTarPerm extractEntry internal/mergeHelpers.js
150 silly gunzTarPerm extractEntry internal/FixedDataTableBufferedRows.react.js
151 silly gunzTarPerm extractEntry internal/nativeRequestAnimationFrame.js
152 silly gunzTarPerm extractEntry internal/FixedDataTable.react.js
153 silly gunzTarPerm extractEntry internal/normalizeWheel.js
154 silly gunzTarPerm extractEntry internal/ExecutionEnvironment.js
155 silly gunzTarPerm extractEntry internal/requestAnimationFramePolyfill.js
156 silly gunzTarPerm extractEntry internal/EventListener.js
157 silly gunzTarPerm extractEntry internal/shallowEqual.js
158 silly gunzTarPerm extractEntry internal/DOMMouseMoveTracker.js
159 silly gunzTarPerm extractEntry internal/translateDOMPositionXY.js
160 silly gunzTarPerm extractEntry internal/Object.assign.js
161 verbose write writing to /Users/sean.lewis/code/js/equity/node_modules/fixed-data-table/package.json
162 info preinstall fixed-data-table@0.6.0
163 verbose readDependencies loading dependencies from /Users/sean.lewis/code/js/equity/node_modules/fixed-data-table/package.json
164 silly prepareForInstallMany adding react@>=0.13.0 <0.15.0 || ^0.14.0-beta3 from fixed-data-table peerDependencies
165 silly prepareForInstallMany adding react-dom@>=0.14.0 <0.15.0 || ^0.14.0-beta3 from fixed-data-table peerDependencies
166 warn peerDependencies The peer dependency react@>=0.13.0 <0.15.0 || ^0.14.0-beta3 included from fixed-data-table will no
167 warn peerDependencies longer be automatically installed to fulfill the peerDependency
168 warn peerDependencies in npm 3+. Your application will need to depend on it explicitly.
169 warn peerDependencies The peer dependency react-dom@>=0.14.0 <0.15.0 || ^0.14.0-beta3 included from fixed-data-table will no
170 warn peerDependencies longer be automatically installed to fulfill the peerDependency
171 warn peerDependencies in npm 3+. Your application will need to depend on it explicitly.
172 verbose readDependencies loading dependencies from /Users/sean.lewis/code/js/equity/node_modules/fixed-data-table/package.json
173 silly install resolved []
174 verbose about to build /Users/sean.lewis/code/js/equity/node_modules/fixed-data-table
175 info build /Users/sean.lewis/code/js/equity/node_modules/fixed-data-table
176 info linkStuff fixed-data-table@0.6.0
177 silly linkStuff fixed-data-table@0.6.0 has /Users/sean.lewis/code/js/equity/node_modules as its parent node_modules
178 verbose linkBins fixed-data-table@0.6.0
179 verbose linkMans fixed-data-table@0.6.0
180 verbose rebuildBundles fixed-data-table@0.6.0
181 info install fixed-data-table@0.6.0
182 info postinstall fixed-data-table@0.6.0
183 verbose readDependencies loading dependencies from /Users/sean.lewis/code/js/equity/package.json
184 verbose targetResolver reading package data from /Users/sean.lewis/code/js/equity/node_modules/fixed-data-table/package.json
185 verbose targetResolver reading package data from /Users/sean.lewis/code/js/equity/node_modules/meteor-node-stubs/package.json
186 verbose targetResolver reading package data from /Users/sean.lewis/code/js/equity/node_modules/react/package.json
187 verbose targetResolver reading package data from /Users/sean.lewis/code/js/equity/node_modules/react-addons-pure-render-mixin/package.json
188 verbose targetResolver reading package data from /Users/sean.lewis/code/js/equity/node_modules/react-dom/package.json
189 verbose already installed skipping react-dom@>=0.14.0 <0.15.0 || ^0.14.0-beta3 /Users/sean.lewis/code/js/equity
190 verbose already installed skipping react@>=0.13.0 <0.15.0 || ^0.14.0-beta3 /Users/sean.lewis/code/js/equity
191 silly install resolved []
192 verbose unlock done using /Users/sean.lewis/.npm/_locks/fixed-data-table-355d8a2ac60fe757.lock for /Users/sean.lewis/code/js/equity/node_modules/fixed-data-table
193 verbose validateInstall loading /Users/sean.lewis/code/js/equity/package.json for validation
194 verbose stack Error: The package react@15.1.0 does not satisfy its siblings' peerDependencies requirements!
194 verbose stack     at /Users/sean.lewis/.meteor/packages/meteor-tool/.1.3.2_4.lbyo5v++os.osx.x86_64+web.browser+web.cordova/mt-os.osx.x86_64/dev_bundle/lib/node_modules/npm/lib/install.js:125:32
194 verbose stack     at /Users/sean.lewis/.meteor/packages/meteor-tool/.1.3.2_4.lbyo5v++os.osx.x86_64+web.browser+web.cordova/mt-os.osx.x86_64/dev_bundle/lib/node_modules/npm/lib/install.js:268:7
194 verbose stack     at /Users/sean.lewis/.meteor/packages/meteor-tool/.1.3.2_4.lbyo5v++os.osx.x86_64+web.browser+web.cordova/mt-os.osx.x86_64/dev_bundle/lib/node_modules/npm/node_modules/read-installed/read-installed.js:142:5
194 verbose stack     at /Users/sean.lewis/.meteor/packages/meteor-tool/.1.3.2_4.lbyo5v++os.osx.x86_64+web.browser+web.cordova/mt-os.osx.x86_64/dev_bundle/lib/node_modules/npm/node_modules/read-installed/read-installed.js:263:14
194 verbose stack     at cb (/Users/sean.lewis/.meteor/packages/meteor-tool/.1.3.2_4.lbyo5v++os.osx.x86_64+web.browser+web.cordova/mt-os.osx.x86_64/dev_bundle/lib/node_modules/npm/node_modules/slide/lib/async-map.js:47:24)
194 verbose stack     at /Users/sean.lewis/.meteor/packages/meteor-tool/.1.3.2_4.lbyo5v++os.osx.x86_64+web.browser+web.cordova/mt-os.osx.x86_64/dev_bundle/lib/node_modules/npm/node_modules/read-installed/read-installed.js:263:14
194 verbose stack     at cb (/Users/sean.lewis/.meteor/packages/meteor-tool/.1.3.2_4.lbyo5v++os.osx.x86_64+web.browser+web.cordova/mt-os.osx.x86_64/dev_bundle/lib/node_modules/npm/node_modules/slide/lib/async-map.js:47:24)
194 verbose stack     at /Users/sean.lewis/.meteor/packages/meteor-tool/.1.3.2_4.lbyo5v++os.osx.x86_64+web.browser+web.cordova/mt-os.osx.x86_64/dev_bundle/lib/node_modules/npm/node_modules/read-installed/read-installed.js:263:14
194 verbose stack     at cb (/Users/sean.lewis/.meteor/packages/meteor-tool/.1.3.2_4.lbyo5v++os.osx.x86_64+web.browser+web.cordova/mt-os.osx.x86_64/dev_bundle/lib/node_modules/npm/node_modules/slide/lib/async-map.js:47:24)
194 verbose stack     at /Users/sean.lewis/.meteor/packages/meteor-tool/.1.3.2_4.lbyo5v++os.osx.x86_64+web.browser+web.cordova/mt-os.osx.x86_64/dev_bundle/lib/node_modules/npm/node_modules/read-installed/read-installed.js:263:14
195 verbose cwd /Users/sean.lewis/code/js/equity
196 error Darwin 15.3.0
197 error argv "node" "/Users/sean.lewis/.meteor/packages/meteor-tool/.1.3.2_4.lbyo5v++os.osx.x86_64+web.browser+web.cordova/mt-os.osx.x86_64/dev_bundle/bin/npm" "install" "fixed-data-table"
198 error node v0.10.43
199 error npm  v2.14.22
200 error code EPEERINVALID
201 error peerinvalid The package react@15.1.0 does not satisfy its siblings' peerDependencies requirements!
201 error peerinvalid Peer react-addons-pure-render-mixin@15.1.0 wants react@^15.1.0
201 error peerinvalid Peer react-dom@15.1.0 wants react@^15.1.0
201 error peerinvalid Peer fixed-data-table@0.6.0 wants react@>=0.13.0 <0.15.0 || ^0.14.0-beta3
202 verbose exit [ 1, true ]
